<?xml version="1.0" encoding="utf-8"?><testsuites name="pytest tests"><testsuite name="pytest" errors="0" failures="0" skipped="0" tests="25" time="5.166" timestamp="2026-06-28T01:52:46.904013+00:00" hostname="agent-env-b89f340c-a2ae-4d57-bf33-c7a7b60a31e9"><testcase classname="tests.test_bottin.TestAuth" name="test_admin_login" time="0.640" /><testcase classname="tests.test_bottin.TestAuth" name="test_login_bad_password" time="0.357" /><testcase classname="tests.test_bottin.TestAuth" name="test_login_unauthorized_email" time="0.225" /><testcase classname="tests.test_bottin.TestAuth" name="test_me_admin" time="0.150" /><testcase classname="tests.test_bottin.TestAuth" name="test_me_no_auth" time="0.103" /><testcase classname="tests.test_bottin.TestEntries" name="test_create_entry_persists" time="1.530" /><testcase classname="tests.test_bottin.TestEntries" name="test_entries_mine" time="0.161" /><testcase classname="tests.test_bottin.TestEntries" name="test_entries_search" time="0.263" /><testcase classname="tests.test_bottin.TestEntries" name="test_entries_filter_by_class" time="0.103" /><testcase classname="tests.test_bottin.TestAuth" name="test_parent_auto_provision" time="0.483" /><testcase classname="tests.test_bottin.TestEntries" name="test_update_own_entry" time="0.103" /><testcase classname="tests.test_bottin.TestClasses" name="test_create_and_list" time="0.253" /><testcase classname="tests.test_bottin.TestEntries" name="test_admin_can_edit_any_entry" time="0.125" /><testcase classname="tests.test_bottin.TestClasses" name="test_update_class" time="0.145" /><testcase classname="tests.test_bottin.TestAllowedEmails" name="test_list_emails" time="0.137" /><testcase classname="tests.test_bottin.TestClasses" name="test_parent_cannot_create_class" time="0.140" /><testcase classname="tests.test_bottin.TestAllowedEmails" name="test_parent_cannot_list_emails" time="0.103" /><testcase classname="tests.test_bottin.TestUsers" name="test_list_users" time="0.133" /><testcase classname="tests.test_bottin.TestAllowedEmails" name="test_add_and_remove_email" time="0.193" /><testcase classname="tests.test_bottin.TestUsers" name="test_promote_then_demote_parent" time="0.518" /><testcase classname="tests.test_bottin.TestCoverExport" name="test_upload_cover" time="0.336" /><testcase classname="tests.test_bottin.TestCoverExport" name="test_cover_public" time="0.273" /><testcase classname="tests.test_bottin.TestUsers" name="test_cannot_demote_main_admin" time="0.255" /><testcase classname="tests.test_bottin.TestCoverExport" name="test_export_excel" time="0.210" /><testcase classname="tests.test_bottin.TestChangePassword" name="test_change_and_relogin" time="1.164" /></testsuite></testsuites>