<?xml version="1.0" encoding="utf-8"?><testsuites name="pytest tests"><testsuite name="pytest" errors="0" failures="0" skipped="0" tests="33" time="7.395" timestamp="2026-06-28T20:22:45.062975+00:00" hostname="agent-env-b89f340c-a2ae-4d57-bf33-c7a7b60a31e9"><testcase classname="tests.test_bottin.TestAuth" name="test_admin_login" time="0.445" /><testcase classname="tests.test_bottin.TestAuth" name="test_login_bad_password" time="0.513" /><testcase classname="tests.test_bottin.TestCoverExport" name="test_upload_cover" time="1.194" /><testcase classname="tests.test_bottin.TestAuth" name="test_login_unauthorized_email" time="0.239" /><testcase classname="tests.test_bottin.TestCoverExport" name="test_cover_public" time="0.236" /><testcase classname="tests.test_bottin.TestAuth" name="test_me_admin" time="0.237" /><testcase classname="tests.test_bottin.TestCoverExport" name="test_export_excel" time="0.148" /><testcase classname="tests.test_bottin.TestAuth" name="test_me_no_auth" time="0.103" /><testcase classname="tests.test_bottin.TestCoverExport" name="test_export_excel_token_query" time="0.131" /><testcase classname="tests.test_bottin.TestCoverExport" name="test_export_excel_bad_token" time="0.295" /><testcase classname="tests.test_bottin.TestCoverExport" name="test_export_excel_no_token" time="0.105" /><testcase classname="tests.test_bottin.TestAuth" name="test_parent_auto_provision" time="0.468" /><testcase classname="tests.test_bottin.TestEntries" name="test_create_entry_persists" time="0.527" /><testcase classname="tests.test_bottin.TestCoverExport" name="test_export_excel_parent_token_forbidden" time="0.521" /><testcase classname="tests.test_bottin.TestEntries" name="test_entries_mine" time="0.107" /><testcase classname="tests.test_bottin.TestSingleEmailAdd" name="test_add_single_with_name" time="0.303" /><testcase classname="tests.test_bottin.TestEntries" name="test_entries_search" time="0.107" /><testcase classname="tests.test_bottin.TestEntries" name="test_entries_filter_by_class" time="0.098" /><testcase classname="tests.test_bottin.TestEntries" name="test_update_own_entry" time="0.139" /><testcase classname="tests.test_bottin.TestSingleEmailAdd" name="test_add_single_invalid_email_returns_400" time="0.099" /><testcase classname="tests.test_bottin.TestEntries" name="test_admin_can_edit_any_entry" time="0.093" /><testcase classname="tests.test_bottin.TestSingleEmailAdd" name="test_add_existing_email_updates_name" time="2.491" /><testcase classname="tests.test_bottin.TestClasses" name="test_create_and_list" time="0.136" /><testcase classname="tests.test_bottin.TestClasses" name="test_update_class" time="0.107" /><testcase classname="tests.test_bottin.TestClasses" name="test_parent_cannot_create_class" time="0.092" /><testcase classname="tests.test_bottin.TestUsers" name="test_list_users" time="0.096" /><testcase classname="tests.test_bottin.TestUsers" name="test_promote_then_demote_parent" time="0.302" /><testcase classname="tests.test_bottin.TestUsers" name="test_cannot_demote_main_admin" time="0.201" /><testcase classname="tests.test_bottin.TestChangePassword" name="test_change_and_relogin" time="1.204" /><testcase classname="tests.test_bottin.TestSingleEmailAdd" name="test_purge_all_emails" time="0.666" /><testcase classname="tests.test_bottin.TestAllowedEmails" name="test_list_emails" time="0.094" /><testcase classname="tests.test_bottin.TestAllowedEmails" name="test_parent_cannot_list_emails" time="0.089" /><testcase classname="tests.test_bottin.TestAllowedEmails" name="test_add_and_remove_email" time="0.420" /></testsuite></testsuites>